<?xml version="1.0" encoding="UTF-8"?>
<!-- Generated by org.testng.reporters.JUnitReportReporter -->
<testsuite name="ui.LoginAndPurchaseTest" tests="1" time="4.777" ignored="0" failures="0" timestamp="28 fev 2020 01:32:16 GMT" skipped="0" hostname="Neuromancer" errors="0">
  <testcase name="login" time="4.777" classname="ui.LoginAndPurchaseTest"/>
</testsuite> <!-- ui.LoginAndPurchaseTest -->
