<?xml version="1.0" encoding="UTF-8"?>
<!-- Generated by org.testng.reporters.JUnitReportReporter -->
<testsuite name="api.WeatherApiTest" tests="3" time="9.576" ignored="0" failures="0" timestamp="28 fev 2020 01:32:16 GMT" skipped="0" hostname="Neuromancer" errors="0">
  <testcase name="locationResponseTest" time="2.339" classname="api.WeatherApiTest"/>
  <testcase name="apiResponseTest" time="4.750" classname="api.WeatherApiTest"/>
  <testcase name="weatherNotNullTest" time="2.487" classname="api.WeatherApiTest"/>
</testsuite> <!-- api.WeatherApiTest -->
