<?xml version="1.0" encoding="UTF-8"?>
<!-- Generated by org.testng.reporters.JUnitReportReporter -->
<testsuite name="api.WeatherApiTest" tests="3" time="9.944" ignored="0" failures="0" timestamp="28 Feb 2020 16:32:50 GMT" skipped="0" hostname="PC00BR29681" errors="0">
  <testcase name="apiResponseTest" time="5.230" classname="api.WeatherApiTest"/>
  <testcase name="weatherNotNullTest" time="2.882" classname="api.WeatherApiTest"/>
  <testcase name="locationResponseTest" time="1.832" classname="api.WeatherApiTest"/>
</testsuite> <!-- api.WeatherApiTest -->
