<?xml version="1.0" encoding="UTF-8"?>
<!-- Generated by org.testng.reporters.JUnitReportReporter -->
<testsuite name="ui.LoginAndPurchaseTest" tests="1" time="20.577" ignored="0" failures="0" timestamp="28 Feb 2020 16:32:50 GMT" skipped="0" hostname="PC00BR29681" errors="0">
  <testcase name="loginAndPurchase" time="20.577" classname="ui.LoginAndPurchaseTest"/>
</testsuite> <!-- ui.LoginAndPurchaseTest -->
