<?xml version="1.0" encoding="UTF-8"?>
<!-- Generated by org.testng.reporters.JUnitReportReporter -->
<testsuite name="LoginAndPurchaseTest" tests="1" time="2.352" ignored="0" failures="0" timestamp="26 fev 2020 23:57:38 GMT" skipped="0" hostname="Neuromancer" errors="0">
  <testcase name="login" time="2.352" classname="LoginAndPurchaseTest"/>
</testsuite> <!-- LoginAndPurchaseTest -->
